<?xml version="1.0" encoding="UTF-8"?>
<!-- Generated by org.testng.reporters.JUnitReportReporter -->
<testsuite hostname="mavericks.pretendco.com" name="tests.RouteOneTest" tests="1" failures="0" timestamp="14 Oct 2019 00:48:08 GMT" time="8.287" errors="0">
  <testcase name="routeOneTest" time="8.287" classname="tests.RouteOneTest"/>
</testsuite> <!-- tests.RouteOneTest -->
