<?xml version="1.0" encoding="UTF-8"?>
<!-- Generated by org.testng.reporters.JUnitReportReporter -->
<testsuite hostname="mavericks.pretendco.com" name="tests.CalculatorTest" tests="1" failures="0" timestamp="14 Oct 2019 00:48:08 GMT" time="11.571" errors="0">
  <testcase name="calculatorTest" time="11.571" classname="tests.CalculatorTest"/>
</testsuite> <!-- tests.CalculatorTest -->
